<?xml version="1.0" encoding="UTF-8"?>
<testng-results total="1" passed="1" failed="0" skipped="0">
  <reporter-output>
  </reporter-output>
  <suite started-at="2024-05-20T18:13:02Z" name="Suite1" finished-at="2024-05-20T18:13:06Z" duration-ms="3867">
    <groups>
    </groups>
    <test started-at="2024-05-20T18:13:02Z" name="Regression1" finished-at="2024-05-20T18:13:06Z" duration-ms="3867">
      <class name="org.hrms.testcsript.TC001_Login_Logout">
        <test-method signature="kp()[pri:0, instance:org.hrms.testcsript.TC001_Login_Logout@5bb21b69]" started-at="2024-05-20T18:13:02Z" name="kp" finished-at="2024-05-20T18:13:06Z" duration-ms="3855" status="PASS">
        </test-method> <!-- kp -->
      </class> <!-- org.hrms.testcsript.TC001_Login_Logout -->
    </test> <!-- Regression1 -->
  </suite> <!-- Suite1 -->
</testng-results>
